#
# A fatal error has been detected by the Java Runtime Environment:
#
#  Internal Error (javaClasses.cpp:136), pid=4244, tid=4800
#  fatal error: Invalid layout of preloaded class
#
# JRE version:  (7.0_45-b18) (build )
# Java VM: Java HotSpot(TM) Client VM (24.45-b08 mixed mode windows-x86 )
# Failed to write core dump. Minidumps are not enabled by default on client versions of Windows
#
# If you would like to submit a bug report, please visit:
#   http://bugreport.sun.com/bugreport/crash.jsp
#

---------------  T H R E A D  ---------------

Current thread (0x005ac000):  JavaThread "Unknown thread" [_thread_in_vm, id=4800, stack(0x00520000,0x00570000)]

Stack: [0x00520000,0x00570000],  sp=0x0056f6f4,  free space=317k
Native frames: (J=compiled Java code, j=interpreted, Vv=VM code, C=native code)
V  [jvm.dll+0x18df51]
V  [jvm.dll+0x187cc6]
V  [jvm.dll+0x3586a]
V  [jvm.dll+0x358f6]
V  [jvm.dll+0x4400d]
V  [jvm.dll+0x442be]
V  [jvm.dll+0x9263a]
V  [jvm.dll+0x929eb]
V  [jvm.dll+0x13daf1]
V  [jvm.dll+0x1605fc]
V  [jvm.dll+0xc8ebf]
C  [javaw.exe+0x13ce]
C  [javaw.exe+0x1e40]
C  [javaw.exe+0xa5b1]
C  [javaw.exe+0xa63b]
C  [kernel32.dll+0x51174]
C  [ntdll.dll+0x5b3f5]
C  [ntdll.dll+0x5b3c8]


---------------  P R O C E S S  ---------------

Java Threads: ( => current thread )

Other Threads:

=>0x005ac000 (exited) JavaThread "Unknown thread" [_thread_in_vm, id=4800, stack(0x00520000,0x00570000)]

VM state:not at safepoint (not fully initialized)

VM Mutex/Monitor currently owned by a thread: None

GC Heap History (0 events):
No events

Deoptimization events (0 events):
No events

Internal exceptions (0 events):
No events

Events (10 events):
Event: 2.658 loading class 0x008fbd28 done
Event: 2.659 loading class 0x008fb7b8 done
Event: 2.659 loading class 0x008fb798
Event: 2.667 loading class 0x00902ac0
Event: 2.667 loading class 0x00902ac0 done
Event: 2.667 loading class 0x00902af0
Event: 2.668 loading class 0x00902af0 done
Event: 2.668 loading class 0x00902b20
Event: 2.668 loading class 0x00902b20 done
Event: 2.668 loading class 0x008fb798 done


Dynamic libraries:
0x00f90000 - 0x00fbf000 	C:\Program Files\Java\jdk1.7.0_45\bin\javaw.exe
0x77330000 - 0x7746c000 	C:\Windows\SYSTEM32\ntdll.dll
0x75e80000 - 0x75f54000 	C:\Windows\system32\kernel32.dll
0x75550000 - 0x7559a000 	C:\Windows\system32\KERNELBASE.dll
0x77150000 - 0x771f0000 	C:\Windows\system32\ADVAPI32.dll
0x75dd0000 - 0x75e7c000 	C:\Windows\system32\msvcrt.dll
0x75a70000 - 0x75a89000 	C:\Windows\SYSTEM32\sechost.dll
0x75b40000 - 0x75be1000 	C:\Windows\system32\RPCRT4.dll
0x75920000 - 0x759e9000 	C:\Windows\system32\USER32.dll
0x75a90000 - 0x75ade000 	C:\Windows\system32\GDI32.dll
0x75b30000 - 0x75b3a000 	C:\Windows\system32\LPK.dll
0x75ca0000 - 0x75d3d000 	C:\Windows\system32\USP10.dll
0x74410000 - 0x745ae000 	C:\Windows\WinSxS\x86_microsoft.windows.common-controls_6595b64144ccf1df_6.0.7600.16385_none_421189da2b7fabfc\COMCTL32.dll
0x758c0000 - 0x75917000 	C:\Windows\system32\SHLWAPI.dll
0x75c80000 - 0x75c9f000 	C:\Windows\system32\IMM32.DLL
0x77490000 - 0x7755c000 	C:\Windows\system32\MSCTF.dll
0x5d2b0000 - 0x5d36f000 	C:\Program Files\Java\jdk1.7.0_45\jre\bin\msvcr100.dll
0x5bbc0000 - 0x5bf40000 	C:\Program Files\Java\jdk1.7.0_45\jre\bin\client\jvm.dll
0x6f7e0000 - 0x6f7e7000 	C:\Windows\system32\WSOCK32.dll
0x75780000 - 0x757b5000 	C:\Windows\system32\WS2_32.dll
0x770e0000 - 0x770e6000 	C:\Windows\system32\NSI.dll
0x738d0000 - 0x73902000 	C:\Windows\system32\WINMM.dll
0x77480000 - 0x77485000 	C:\Windows\system32\PSAPI.DLL
0x73bb0000 - 0x73bbc000 	C:\Program Files\Java\jdk1.7.0_45\jre\bin\verify.dll
0x73b90000 - 0x73bb0000 	C:\Program Files\Java\jdk1.7.0_45\jre\bin\java.dll
0x6fd20000 - 0x6fd33000 	C:\Program Files\Java\jdk1.7.0_45\jre\bin\zip.dll
0x702e0000 - 0x703cb000 	C:\Windows\system32\dbghelp.dll

VM Arguments:
jvm_args: -Dfile.encoding=Cp1252 -Xbootclasspath:D:\Android\software\adt-bundle-windows-x86-20130917\adt-bundle-windows-x86-20130917\sdk\platforms\android-19\android.jar 
java_command: com.sac.care.SMS
Launcher Type: SUN_STANDARD

Environment Variables:
JAVA_HOME=C:\Program Files\Java\jre7\bin
PATH=C:/Program Files/Java/jdk1.7.0_45/bin/../jre/bin/client;C:/Program Files/Java/jdk1.7.0_45/bin/../jre/bin;C:/Program Files/Java/jdk1.7.0_45/bin/../jre/lib/i386;C:\oraclexe\app\oracle\product\10.2.0\server\bin;C:\Program Files\Java\jdk1.7.0_45\bin;C:\Python27;C:\Python27\Scripts;C:\Python27\Lib\site-packages\;F:\software\Android\adt-bundle-windows-x86-20130917\adt-bundle-windows-x86-20130917\eclipse\plugins\org.apache.ant_1.8.3.v201301120609\bin;D:\Android\software\adt-bundle-windows-x86-20130917\adt-bundle-windows-x86-20130917\sdk\tools;C:\Windows\System32;C:\Program Files\Java\jdk1.7.0_45\binC:\oraclexe\app\oracle\product\10.2.0\server\bin;C:\Program Files\Java\jdk1.7.0_45\bin;C:\Python27;C:\Python27\Scripts;C:\Python27\Lib\site-packages\;F:\software\Android\adt-bundle-windows-x86-20130917\adt-bundle-windows-x86-20130917\eclipse\plugins\org.apache.ant_1.8.3.v201301120609\bin;D:\Android\software\adt-bundle-windows-x86-20130917\adt-bundle-windows-x86-20130917\sdk\tools;C:\Windows\System32;D:\Android\software\adt-bundle-windows-x86-20130917\adt-bundle-windows-x86-20130917\eclipse;
USERNAME=SACHIN KUMAR
OS=Windows_NT
PROCESSOR_IDENTIFIER=x86 Family 6 Model 15 Stepping 6, GenuineIntel



---------------  S Y S T E M  ---------------

OS: Windows 7 Build 7600 

CPU:total 2 (2 cores per cpu, 1 threads per core) family 6 model 15 stepping 6, cmov, cx8, fxsr, mmx, sse, sse2, sse3, ssse3, tsc

Memory: 4k page, physical 1039800k(16732k free), swap 4363484k(1366304k free)

vm_info: Java HotSpot(TM) Client VM (24.45-b08) for windows-x86 JRE (1.7.0_45-b18), built on Oct  8 2013 06:02:43 by "java_re" with unknown MS VC++:1600

time: Sat May 10 12:06:29 2014
elapsed time: 4 seconds

